---------------- Data inici: 2019-06-17 20:16:19 ----------------

-----------------------------------------------------------------------------------------------------------------------------------------------------------------------
IFACE: wlp3s0, MONITOR: prism0. DRIVER: wl0, FIRMWARE: 6.30.223.271, VERSION: (r587334). BANDS: 2.4GHz & 5GHz, MODE: Managed, TX-POWER: 200 dBm   
-----------------------------------------------------------------------------------------------------------------------------------------------------------------------
ESSID           TYPE VENDOR                                          MAC               CHANNEL FREQUENCY SIGNAL BANDWITH CIPHER ASSOCIATION       ATTEMPT       
-----           ---- ------                                          ---               ------- --------- ------ -------- ------ -----------       -------       
Unknown         AP   Unknown                                         4C:1B:86:AC:5E:15 10      2.457GHz  -1     -1              Not associated    No attempts 
MIWIFI_2G_JKR2  AP   Unknown                                         8C:15:C7:90:5C:3C 1       2.412GHz  2      54       WPA2   Not associated    No attempts 
vodafone9232    AP   Unknown                                         3C:98:72:2E:92:33 1       2.412GHz  2      54       WPA2   Not associated    No attempts 
MiFibra-1716    AP   Unknown                                         94:6A:B0:9B:17:18 1       2.412GHz  2      54       WPA2   Not associated    No attempts 
SWV 733 A2 2.4G AP   Winstars Technology Ltd                         80:3F:5D:B3:B2:67 11      2.462GHz  2      54       WPA2   Not associated    No attempts 
vodafone9232    CLI  Apple, Inc.                                     6C:AB:31:29:8F:97 1       2.412GHz  1      54       WPA2   3C:98:72:2E:92:33 No attempts 
MiFibra-1716    CLI  Unknown                                         D8:63:75:17:42:9D 1       2.412GHz  1      54       WPA2   94:6A:B0:9B:17:18 No attempts 
Unknown         CLI  Unknown                                         F4:BF:80:D1:45:DF 10      2.457GHz  2      -1              4C:1B:86:AC:5E:15 No attempts 
vodafone9232    CLI  TCT mobile ltd                                  60:51:2C:8E:02:B0 1       2.412GHz  2      54       WPA2   3C:98:72:2E:92:33 No attempts 
MiFibra-1716    CLI  SHENZHEN RF-LINK TECHNOLOGY CO.,LTD.            CC:79:CF:EC:CC:2E 1       2.412GHz  2      54       WPA2   94:6A:B0:9B:17:18 No attempts 
Unknown         CLI  Unknown                                         DA:A1:19:95:85:B7 --      --        2      --       --     Not associated    Not associated
Unknown         CLI  Neotune Information Technology Corporation,.LTD 00:11:7F:49:4B:60 --      --        2      --       --     Not associated    Not associated
-----------------------------------------------------------------------------------------------------------------------------------------------------------------------
-----------------------------------------------------------------------------------------------------------------------------------------------
IFACE: wlx00117f494b60, MONITOR: wlan0mon. DRIVER: rt2800usb, FIRMWARE: 4.15.0-51-generic, VERSION: 0.36. BANDS: 2.4GHz, MODE: Managed, TX-POWER: 20 dBm   
-----------------------------------------------------------------------------------------------------------------------------------------------
ESSID           TYPE VENDOR                  MAC               CHANNEL FREQUENCY SIGNAL BANDWITH CIPHER ASSOCIATION       ATTEMPT       
-----           ---- ------                  ---               ------- --------- ------ -------- ------ -----------       -------       
SWV 733 A2 2.4G AP   Winstars Technology Ltd 80:3F:5D:B3:B2:67 11      2.462GHz  -20    54       WPA2   Not associated    No attempts 
Unknown         CLI  Unknown                 DA:A1:19:EB:3A:EE --      --        -78    --       --     Not associated    Not associated
Unknown         CLI  Unknown                 DA:A1:19:DE:05:4B --      --        -74    --       --     Not associated    Not associated
Unknown         CLI  Unknown                 DA:A1:19:AC:4F:C2 --      --        -72    --       --     Not associated    Not associated
Unknown         CLI  Unknown                 DA:A1:19:5B:4F:25 --      --        -74    --       --     Not associated    Not associated
-----------------------------------------------------------------------------------------------------------------------------------------------

---------------- Data fi: 2019-06-17 20:16:57 ----------------
